Analysis & Synthesis report for 6502
Fri Jul 19 16:08:40 2024
Quartus II 64-Bit Version 13.0.1 Build 232 06/12/2013 Service Pack 1 SJ Web Edition


---------------------
; Table of Contents ;
---------------------
  1. Legal Notice
  2. Analysis & Synthesis Summary
  3. Analysis & Synthesis Settings
  4. Parallel Compilation
  5. Analysis & Synthesis Source Files Read
  6. Analysis & Synthesis Resource Usage Summary
  7. Analysis & Synthesis Resource Utilization by Entity
  8. Registers Removed During Synthesis
  9. General Register Statistics
 10. Multiplexer Restructuring Statistics (Restructuring Performed)
 11. Port Connectivity Checks: "RANDOM_LOGIC:MOD_RANDOM_LOGIC"
 12. Elapsed Time Per Partition
 13. Analysis & Synthesis Messages
 14. Analysis & Synthesis Suppressed Messages



----------------
; Legal Notice ;
----------------
Copyright (C) 1991-2013 Altera Corporation
Your use of Altera Corporation's design tools, logic functions 
and other software and tools, and its AMPP partner logic 
functions, and any output files from any of the foregoing 
(including device programming or simulation files), and any 
associated documentation or information are expressly subject 
to the terms and conditions of the Altera Program License 
Subscription Agreement, Altera MegaCore Function License 
Agreement, or other applicable license agreement, including, 
without limitation, that your use is for the sole purpose of 
programming logic devices manufactured by Altera and sold by 
Altera or its authorized distributors.  Please refer to the 
applicable agreement for further details.



+--------------------------------------------------------------------------------------+
; Analysis & Synthesis Summary                                                         ;
+------------------------------------+-------------------------------------------------+
; Analysis & Synthesis Status        ; Successful - Fri Jul 19 16:08:39 2024           ;
; Quartus II 64-Bit Version          ; 13.0.1 Build 232 06/12/2013 SP 1 SJ Web Edition ;
; Revision Name                      ; 6502                                            ;
; Top-level Entity Name              ; MOS6502                                         ;
; Family                             ; Cyclone II                                      ;
; Total logic elements               ; 680                                             ;
;     Total combinational functions  ; 612                                             ;
;     Dedicated logic registers      ; 285                                             ;
; Total registers                    ; 285                                             ;
; Total pins                         ; 43                                              ;
; Total virtual pins                 ; 0                                               ;
; Total memory bits                  ; 0                                               ;
; Embedded Multiplier 9-bit elements ; 0                                               ;
; Total PLLs                         ; 0                                               ;
+------------------------------------+-------------------------------------------------+


+----------------------------------------------------------------------------------------------------------------------+
; Analysis & Synthesis Settings                                                                                        ;
+----------------------------------------------------------------------------+--------------------+--------------------+
; Option                                                                     ; Setting            ; Default Value      ;
+----------------------------------------------------------------------------+--------------------+--------------------+
; Device                                                                     ; EP2C5T144C8        ;                    ;
; Top-level entity name                                                      ; MOS6502            ; 6502               ;
; Family name                                                                ; Cyclone II         ; Cyclone IV GX      ;
; Use smart compilation                                                      ; Off                ; Off                ;
; Enable parallel Assembler and TimeQuest Timing Analyzer during compilation ; On                 ; On                 ;
; Enable compact report table                                                ; Off                ; Off                ;
; Restructure Multiplexers                                                   ; Auto               ; Auto               ;
; Create Debugging Nodes for IP Cores                                        ; Off                ; Off                ;
; Preserve fewer node names                                                  ; On                 ; On                 ;
; Disable OpenCore Plus hardware evaluation                                  ; Off                ; Off                ;
; Verilog Version                                                            ; Verilog_2001       ; Verilog_2001       ;
; VHDL Version                                                               ; VHDL_1993          ; VHDL_1993          ;
; State Machine Processing                                                   ; Auto               ; Auto               ;
; Safe State Machine                                                         ; Off                ; Off                ;
; Extract Verilog State Machines                                             ; On                 ; On                 ;
; Extract VHDL State Machines                                                ; On                 ; On                 ;
; Ignore Verilog initial constructs                                          ; Off                ; Off                ;
; Iteration limit for constant Verilog loops                                 ; 5000               ; 5000               ;
; Iteration limit for non-constant Verilog loops                             ; 250                ; 250                ;
; Add Pass-Through Logic to Inferred RAMs                                    ; On                 ; On                 ;
; Infer RAMs from Raw Logic                                                  ; On                 ; On                 ;
; Parallel Synthesis                                                         ; On                 ; On                 ;
; DSP Block Balancing                                                        ; Auto               ; Auto               ;
; NOT Gate Push-Back                                                         ; On                 ; On                 ;
; Power-Up Don't Care                                                        ; On                 ; On                 ;
; Remove Redundant Logic Cells                                               ; Off                ; Off                ;
; Remove Duplicate Registers                                                 ; On                 ; On                 ;
; Ignore CARRY Buffers                                                       ; Off                ; Off                ;
; Ignore CASCADE Buffers                                                     ; Off                ; Off                ;
; Ignore GLOBAL Buffers                                                      ; Off                ; Off                ;
; Ignore ROW GLOBAL Buffers                                                  ; Off                ; Off                ;
; Ignore LCELL Buffers                                                       ; Off                ; Off                ;
; Ignore SOFT Buffers                                                        ; On                 ; On                 ;
; Limit AHDL Integers to 32 Bits                                             ; Off                ; Off                ;
; Optimization Technique                                                     ; Balanced           ; Balanced           ;
; Carry Chain Length                                                         ; 70                 ; 70                 ;
; Auto Carry Chains                                                          ; On                 ; On                 ;
; Auto Open-Drain Pins                                                       ; On                 ; On                 ;
; Perform WYSIWYG Primitive Resynthesis                                      ; Off                ; Off                ;
; Auto ROM Replacement                                                       ; On                 ; On                 ;
; Auto RAM Replacement                                                       ; On                 ; On                 ;
; Auto Shift Register Replacement                                            ; Auto               ; Auto               ;
; Allow Shift Register Merging across Hierarchies                            ; Auto               ; Auto               ;
; Auto Clock Enable Replacement                                              ; On                 ; On                 ;
; Strict RAM Replacement                                                     ; Off                ; Off                ;
; Allow Synchronous Control Signals                                          ; On                 ; On                 ;
; Force Use of Synchronous Clear Signals                                     ; Off                ; Off                ;
; Auto RAM to Logic Cell Conversion                                          ; Off                ; Off                ;
; Auto Resource Sharing                                                      ; Off                ; Off                ;
; Allow Any RAM Size For Recognition                                         ; Off                ; Off                ;
; Allow Any ROM Size For Recognition                                         ; Off                ; Off                ;
; Allow Any Shift Register Size For Recognition                              ; Off                ; Off                ;
; Use LogicLock Constraints during Resource Balancing                        ; On                 ; On                 ;
; Ignore translate_off and synthesis_off directives                          ; Off                ; Off                ;
; Timing-Driven Synthesis                                                    ; Off                ; Off                ;
; Report Parameter Settings                                                  ; On                 ; On                 ;
; Report Source Assignments                                                  ; On                 ; On                 ;
; Report Connectivity Checks                                                 ; On                 ; On                 ;
; Ignore Maximum Fan-Out Assignments                                         ; Off                ; Off                ;
; Synchronization Register Chain Length                                      ; 2                  ; 2                  ;
; PowerPlay Power Optimization                                               ; Normal compilation ; Normal compilation ;
; HDL message level                                                          ; Level2             ; Level2             ;
; Suppress Register Optimization Related Messages                            ; Off                ; Off                ;
; Number of Removed Registers Reported in Synthesis Report                   ; 5000               ; 5000               ;
; Number of Swept Nodes Reported in Synthesis Report                         ; 5000               ; 5000               ;
; Number of Inverted Registers Reported in Synthesis Report                  ; 100                ; 100                ;
; Clock MUX Protection                                                       ; On                 ; On                 ;
; Auto Gated Clock Conversion                                                ; Off                ; Off                ;
; Block Design Naming                                                        ; Auto               ; Auto               ;
; SDC constraint protection                                                  ; Off                ; Off                ;
; Synthesis Effort                                                           ; Auto               ; Auto               ;
; Shift Register Replacement - Allow Asynchronous Clear Signal               ; On                 ; On                 ;
; Pre-Mapping Resynthesis Optimization                                       ; Off                ; Off                ;
; Analysis & Synthesis Message Level                                         ; Medium             ; Medium             ;
; Disable Register Merging Across Hierarchies                                ; Auto               ; Auto               ;
; Resource Aware Inference For Block RAM                                     ; On                 ; On                 ;
; Synthesis Seed                                                             ; 1                  ; 1                  ;
+----------------------------------------------------------------------------+--------------------+--------------------+


Parallel compilation was disabled, but you have multiple processors available. Enable parallel compilation to reduce compilation time.
+-------------------------------------+
; Parallel Compilation                ;
+----------------------------+--------+
; Processors                 ; Number ;
+----------------------------+--------+
; Number detected on machine ; 4      ;
; Maximum allowed            ; 1      ;
+----------------------------+--------+


+---------------------------------------------------------------------------------------------------------------------------------+
; Analysis & Synthesis Source Files Read                                                                                          ;
+----------------------------------+-----------------+------------------------+-----------------------------------------+---------+
; File Name with User-Entered Path ; Used in Netlist ; File Type              ; File Name with Absolute Path            ; Library ;
+----------------------------------+-----------------+------------------------+-----------------------------------------+---------+
; MOS6502.v                        ; yes             ; User Verilog HDL File  ; C:/altera/13.0sp1/BREAKS_6502/MOS6502.v ;         ;
+----------------------------------+-----------------+------------------------+-----------------------------------------+---------+


+-----------------------------------------------------+
; Analysis & Synthesis Resource Usage Summary         ;
+---------------------------------------------+-------+
; Resource                                    ; Usage ;
+---------------------------------------------+-------+
; Estimated Total logic elements              ; 680   ;
;                                             ;       ;
; Total combinational functions               ; 612   ;
; Logic element usage by number of LUT inputs ;       ;
;     -- 4 input functions                    ; 366   ;
;     -- 3 input functions                    ; 151   ;
;     -- <=2 input functions                  ; 95    ;
;                                             ;       ;
; Logic elements by mode                      ;       ;
;     -- normal mode                          ; 612   ;
;     -- arithmetic mode                      ; 0     ;
;                                             ;       ;
; Total registers                             ; 285   ;
;     -- Dedicated logic registers            ; 285   ;
;     -- I/O registers                        ; 0     ;
;                                             ;       ;
; I/O pins                                    ; 43    ;
; Embedded Multiplier 9-bit elements          ; 0     ;
; Maximum fan-out node                        ; Clk   ;
; Maximum fan-out                             ; 285   ;
; Total fan-out                               ; 3015  ;
; Average fan-out                             ; 3.21  ;
+---------------------------------------------+-------+


+-------------------------------------------------------------------------------------------------------------------------------------------------------------------------------------------------------------------------------------------------------------+
; Analysis & Synthesis Resource Utilization by Entity                                                                                                                                                                                                         ;
+-------------------------------------------------+-------------------+--------------+-------------+--------------+---------+-----------+------+--------------+--------------------------------------------------------------------------------+--------------+
; Compilation Hierarchy Node                      ; LC Combinationals ; LC Registers ; Memory Bits ; DSP Elements ; DSP 9x9 ; DSP 18x18 ; Pins ; Virtual Pins ; Full Hierarchy Name                                                            ; Library Name ;
+-------------------------------------------------+-------------------+--------------+-------------+--------------+---------+-----------+------+--------------+--------------------------------------------------------------------------------+--------------+
; |MOS6502                                        ; 612 (2)           ; 285 (71)     ; 0           ; 0            ; 0       ; 0         ; 43   ; 0            ; |MOS6502                                                                       ; work         ;
;    |ALU:MOD_ALU|                                ; 93 (93)           ; 39 (39)      ; 0           ; 0            ; 0       ; 0         ; 0    ; 0            ; |MOS6502|ALU:MOD_ALU                                                           ; work         ;
;    |BUS_MUX:MOD_BUS_MUX|                        ; 180 (180)         ; 0 (0)        ; 0           ; 0            ; 0       ; 0         ; 0    ; 0            ; |MOS6502|BUS_MUX:MOD_BUS_MUX                                                   ; work         ;
;    |DECODER:MOD_DECODER|                        ; 41 (41)           ; 0 (0)        ; 0           ; 0            ; 0       ; 0         ; 0    ; 0            ; |MOS6502|DECODER:MOD_DECODER                                                   ; work         ;
;    |EXTRA_COUNTER:MOD_EXTRA_COUNTER|            ; 8 (8)             ; 8 (8)        ; 0           ; 0            ; 0       ; 0         ; 0    ; 0            ; |MOS6502|EXTRA_COUNTER:MOD_EXTRA_COUNTER                                       ; work         ;
;    |PC:MOD_PC|                                  ; 37 (37)           ; 32 (32)      ; 0           ; 0            ; 0       ; 0         ; 0    ; 0            ; |MOS6502|PC:MOD_PC                                                             ; work         ;
;    |PREDECODE_IR:MOD_PREDECODE_IR|              ; 13 (13)           ; 8 (8)        ; 0           ; 0            ; 0       ; 0         ; 0    ; 0            ; |MOS6502|PREDECODE_IR:MOD_PREDECODE_IR                                         ; work         ;
;    |RANDOM_LOGIC:MOD_RANDOM_LOGIC|              ; 238 (0)           ; 127 (0)      ; 0           ; 0            ; 0       ; 0         ; 0    ; 0            ; |MOS6502|RANDOM_LOGIC:MOD_RANDOM_LOGIC                                         ; work         ;
;       |ALU_SETUP:MOD_ALU_SETUP|                 ; 47 (47)           ; 28 (28)      ; 0           ; 0            ; 0       ; 0         ; 0    ; 0            ; |MOS6502|RANDOM_LOGIC:MOD_RANDOM_LOGIC|ALU_SETUP:MOD_ALU_SETUP                 ; work         ;
;       |BUS_CONTROL:MOD_BUS_CONTROL|             ; 40 (40)           ; 11 (11)      ; 0           ; 0            ; 0       ; 0         ; 0    ; 0            ; |MOS6502|RANDOM_LOGIC:MOD_RANDOM_LOGIC|BUS_CONTROL:MOD_BUS_CONTROL             ; work         ;
;       |DISPATCH:MOD_DISPATCH|                   ; 46 (46)           ; 29 (29)      ; 0           ; 0            ; 0       ; 0         ; 0    ; 0            ; |MOS6502|RANDOM_LOGIC:MOD_RANDOM_LOGIC|DISPATCH:MOD_DISPATCH                   ; work         ;
;       |FLAGS:MOD_FLAGS|                         ; 35 (35)           ; 30 (30)      ; 0           ; 0            ; 0       ; 0         ; 0    ; 0            ; |MOS6502|RANDOM_LOGIC:MOD_RANDOM_LOGIC|FLAGS:MOD_FLAGS                         ; work         ;
;       |INT_RESET_CONTROL:MOD_INT_RESET_CONTROL| ; 17 (17)           ; 15 (15)      ; 0           ; 0            ; 0       ; 0         ; 0    ; 0            ; |MOS6502|RANDOM_LOGIC:MOD_RANDOM_LOGIC|INT_RESET_CONTROL:MOD_INT_RESET_CONTROL ; work         ;
;       |PC_SETUP:MOD_PC_SETUP|                   ; 16 (16)           ; 7 (7)        ; 0           ; 0            ; 0       ; 0         ; 0    ; 0            ; |MOS6502|RANDOM_LOGIC:MOD_RANDOM_LOGIC|PC_SETUP:MOD_PC_SETUP                   ; work         ;
;       |REGS_CONTROL:MOD_REGS_CONTROL|           ; 37 (37)           ; 7 (7)        ; 0           ; 0            ; 0       ; 0         ; 0    ; 0            ; |MOS6502|RANDOM_LOGIC:MOD_RANDOM_LOGIC|REGS_CONTROL:MOD_REGS_CONTROL           ; work         ;
+-------------------------------------------------+-------------------+--------------+-------------+--------------+---------+-----------+------+--------------+--------------------------------------------------------------------------------+--------------+
Note: For table entries with two numbers listed, the numbers in parentheses indicate the number of resources of the given type used by the specific entity alone. The numbers listed outside of parentheses indicate the total resources of the given type used by the specific entity and all of its sub-entities in the hierarchy.


+----------------------------------------------------------------------------------------------------------------------------------------------------------------+
; Registers Removed During Synthesis                                                                                                                             ;
+---------------------------------------------------------------------------------+------------------------------------------------------------------------------+
; Register name                                                                   ; Reason for Removal                                                           ;
+---------------------------------------------------------------------------------+------------------------------------------------------------------------------+
; RANDOM_LOGIC:MOD_RANDOM_LOGIC|INT_RESET_CONTROL:MOD_INT_RESET_CONTROL|RESLATCH1 ; Merged with RANDOM_LOGIC:MOD_RANDOM_LOGIC|DISPATCH:MOD_DISPATCH|ENDS2LATCH   ;
; EXTRA_COUNTER:MOD_EXTRA_COUNTER|T1_LATCH                                        ; Merged with RANDOM_LOGIC:MOD_RANDOM_LOGIC|DISPATCH:MOD_DISPATCH|FETCHLATCH   ;
; RANDOM_LOGIC:MOD_RANDOM_LOGIC|FLAGS:MOD_FLAGS|C_LATCH2                          ; Merged with RANDOM_LOGIC:MOD_RANDOM_LOGIC|ALU_SETUP:MOD_ALU_SETUP|COUT_LATCH ;
; Total Number of Removed Registers = 3                                           ;                                                                              ;
+---------------------------------------------------------------------------------+------------------------------------------------------------------------------+


+------------------------------------------------------+
; General Register Statistics                          ;
+----------------------------------------------+-------+
; Statistic                                    ; Value ;
+----------------------------------------------+-------+
; Total registers                              ; 285   ;
; Number of registers using Synchronous Clear  ; 0     ;
; Number of registers using Synchronous Load   ; 17    ;
; Number of registers using Asynchronous Clear ; 0     ;
; Number of registers using Asynchronous Load  ; 0     ;
; Number of registers using Clock Enable       ; 285   ;
; Number of registers using Preset             ; 0     ;
+----------------------------------------------+-------+


+-------------------------------------------------------------------------------------------------------------------------------------------+
; Multiplexer Restructuring Statistics (Restructuring Performed)                                                                            ;
+--------------------+-----------+---------------+----------------------+------------------------+------------+-----------------------------+
; Multiplexer Inputs ; Bus Width ; Baseline Area ; Area if Restructured ; Saving if Restructured ; Registered ; Example Multiplexer Output  ;
+--------------------+-----------+---------------+----------------------+------------------------+------------+-----------------------------+
; 3:1                ; 8 bits    ; 16 LEs        ; 16 LEs               ; 0 LEs                  ; Yes        ; |MOS6502|ALU:MOD_ALU|BI[4]  ;
; 5:1                ; 7 bits    ; 21 LEs        ; 21 LEs               ; 0 LEs                  ; Yes        ; |MOS6502|ALU:MOD_ALU|ADD[2] ;
+--------------------+-----------+---------------+----------------------+------------------------+------------+-----------------------------+


+----------------------------------------------------------------------------------------------------------------+
; Port Connectivity Checks: "RANDOM_LOGIC:MOD_RANDOM_LOGIC"                                                      ;
+------+--------+----------+-------------------------------------------------------------------------------------+
; Port ; Type   ; Severity ; Details                                                                             ;
+------+--------+----------+-------------------------------------------------------------------------------------+
; S_S  ; Output ; Info     ; Connected to dangling logic. Logic that only feeds a dangling port will be removed. ;
+------+--------+----------+-------------------------------------------------------------------------------------+


+-------------------------------+
; Elapsed Time Per Partition    ;
+----------------+--------------+
; Partition Name ; Elapsed Time ;
+----------------+--------------+
; Top            ; 00:00:02     ;
+----------------+--------------+


+-------------------------------+
; Analysis & Synthesis Messages ;
+-------------------------------+
Info: *******************************************************************
Info: Running Quartus II 64-Bit Analysis & Synthesis
    Info: Version 13.0.1 Build 232 06/12/2013 Service Pack 1 SJ Web Edition
    Info: Processing started: Fri Jul 19 16:08:36 2024
Info: Command: quartus_map --read_settings_files=on --write_settings_files=off 6502 -c 6502
Info (12021): Found 15 design units, including 15 entities, in source file mos6502.v
    Info (12023): Found entity 1: MOS6502
    Info (12023): Found entity 2: PREDECODE_IR
    Info (12023): Found entity 3: EXTRA_COUNTER
    Info (12023): Found entity 4: DECODER
    Info (12023): Found entity 5: RANDOM_LOGIC
    Info (12023): Found entity 6: FLAGS
    Info (12023): Found entity 7: BUS_CONTROL
    Info (12023): Found entity 8: INT_RESET_CONTROL
    Info (12023): Found entity 9: REGS_CONTROL
    Info (12023): Found entity 10: PC_SETUP
    Info (12023): Found entity 11: ALU_SETUP
    Info (12023): Found entity 12: DISPATCH
    Info (12023): Found entity 13: BUS_MUX
    Info (12023): Found entity 14: ALU
    Info (12023): Found entity 15: PC
Info (12127): Elaborating entity "MOS6502" for the top level hierarchy
Info (12128): Elaborating entity "PREDECODE_IR" for hierarchy "PREDECODE_IR:MOD_PREDECODE_IR"
Info (12128): Elaborating entity "EXTRA_COUNTER" for hierarchy "EXTRA_COUNTER:MOD_EXTRA_COUNTER"
Info (12128): Elaborating entity "DECODER" for hierarchy "DECODER:MOD_DECODER"
Info (12128): Elaborating entity "RANDOM_LOGIC" for hierarchy "RANDOM_LOGIC:MOD_RANDOM_LOGIC"
Info (12128): Elaborating entity "FLAGS" for hierarchy "RANDOM_LOGIC:MOD_RANDOM_LOGIC|FLAGS:MOD_FLAGS"
Info (12128): Elaborating entity "BUS_CONTROL" for hierarchy "RANDOM_LOGIC:MOD_RANDOM_LOGIC|BUS_CONTROL:MOD_BUS_CONTROL"
Info (12128): Elaborating entity "INT_RESET_CONTROL" for hierarchy "RANDOM_LOGIC:MOD_RANDOM_LOGIC|INT_RESET_CONTROL:MOD_INT_RESET_CONTROL"
Info (12128): Elaborating entity "REGS_CONTROL" for hierarchy "RANDOM_LOGIC:MOD_RANDOM_LOGIC|REGS_CONTROL:MOD_REGS_CONTROL"
Info (12128): Elaborating entity "PC_SETUP" for hierarchy "RANDOM_LOGIC:MOD_RANDOM_LOGIC|PC_SETUP:MOD_PC_SETUP"
Info (12128): Elaborating entity "ALU_SETUP" for hierarchy "RANDOM_LOGIC:MOD_RANDOM_LOGIC|ALU_SETUP:MOD_ALU_SETUP"
Info (12128): Elaborating entity "DISPATCH" for hierarchy "RANDOM_LOGIC:MOD_RANDOM_LOGIC|DISPATCH:MOD_DISPATCH"
Info (12128): Elaborating entity "ALU" for hierarchy "ALU:MOD_ALU"
Info (12128): Elaborating entity "BUS_MUX" for hierarchy "BUS_MUX:MOD_BUS_MUX"
Info (12128): Elaborating entity "PC" for hierarchy "PC:MOD_PC"
Info (144001): Generated suppressed messages file C:/altera/13.0sp1/BREAKS_6502/output_files/6502.map.smsg
Info (16010): Generating hard_block partition "hard_block:auto_generated_inst"
    Info (16011): Adding 0 node(s), including 0 DDIO, 0 PLL, 0 transceiver and 0 LCELL
Info (21057): Implemented 791 device resources after synthesis - the final resource count might be different
    Info (21058): Implemented 15 input pins
    Info (21059): Implemented 28 output pins
    Info (21061): Implemented 748 logic cells
Info: Quartus II 64-Bit Analysis & Synthesis was successful. 0 errors, 0 warnings
    Info: Peak virtual memory: 444 megabytes
    Info: Processing ended: Fri Jul 19 16:08:40 2024
    Info: Elapsed time: 00:00:04
    Info: Total CPU time (on all processors): 00:00:04


+------------------------------------------+
; Analysis & Synthesis Suppressed Messages ;
+------------------------------------------+
The suppressed messages can be found in C:/altera/13.0sp1/BREAKS_6502/output_files/6502.map.smsg.


